[2020-12-31T17:31:22.103] [DEBUG] default - surgery
[2020-12-31T17:31:22.156] [DEBUG] default - Edit VetDelete Vet
[2020-12-31T17:31:22.176] [DEBUG] default - Henry Stevens
[2020-12-31T17:31:22.210] [DEBUG] default - radiology
[2020-12-31T17:31:22.212] [DEBUG] default - Total number of radiology = 2
[2020-12-31T17:31:22.242] [DEBUG] default - Edit VetDelete Vet
[2020-12-31T17:31:22.278] [DEBUG] default - Sharon Jenkins
[2020-12-31T17:31:22.306] [DEBUG] default - 
[2020-12-31T17:31:22.341] [DEBUG] default - Edit VetDelete Vet
[2020-12-31T17:31:22.370] [DEBUG] default - abc jjj
[2020-12-31T17:31:22.407] [DEBUG] default - radiology
[2020-12-31T17:31:22.408] [DEBUG] default - Total number of radiology = 3
[2020-12-31T17:31:22.440] [DEBUG] default - Edit VetDelete Vet
[2020-12-31T17:31:22.468] [DEBUG] default - Monal singh
[2020-12-31T17:31:22.497] [DEBUG] default - 
[2020-12-31T17:31:22.533] [DEBUG] default - Edit VetDelete Vet
[2020-12-31T17:31:22.565] [DEBUG] default - Monal singh
[2020-12-31T17:31:22.597] [DEBUG] default - 
[2020-12-31T17:31:22.624] [DEBUG] default - Edit VetDelete Vet
[2020-12-31T17:41:46.551] [DEBUG] file - Owner details are :- Ernesto Wayne 4920 Ingram Street Dayton 8595874250
[2020-12-31T17:41:46.796] [DEBUG] file - Total Rows in owners Table:- 143
[2020-12-31T17:41:46.858] [DEBUG] file - Betty Davis
[2020-12-31T17:41:46.922] [DEBUG] file - Eduardo Rodriquez
[2020-12-31T17:41:46.978] [DEBUG] file - Harold Davis
[2020-12-31T17:41:47.034] [DEBUG] file - Peter McTavish
[2020-12-31T17:41:47.614] [DEBUG] file - PetName is :George
[2020-12-31T17:41:47.682] [DEBUG] file - Pet Birthdate:2010/01/20
[2020-12-31T17:41:47.760] [DEBUG] file - Pet Type:snake
[2020-12-31T17:45:40.859] [DEBUG] file - Owner details are :- Ernesto Wayne 4920 Ingram Street Dayton 8595874250
[2020-12-31T17:45:41.117] [DEBUG] file - Total Rows in owners Table:- 119
[2020-12-31T17:45:41.179] [DEBUG] file - Betty Davis
[2020-12-31T17:45:41.242] [DEBUG] file - Eduardo Rodriquez
[2020-12-31T17:45:41.311] [DEBUG] file - Harold Davis
[2020-12-31T17:45:41.375] [DEBUG] file - Peter McTavish
[2020-12-31T17:45:41.909] [DEBUG] file - PetName is :George
[2020-12-31T17:45:41.972] [DEBUG] file - Pet Birthdate:2010/01/20
[2020-12-31T17:45:42.049] [DEBUG] file - Pet Type:snake
[2021-01-03T20:00:01.179] [DEBUG] file - Owner details are :- Ernesto Wayne 4920 Ingram Street Dayton 8595874250
[2021-01-03T20:00:01.392] [DEBUG] file - Total Rows in owners Table:- 140
[2021-01-03T20:00:01.451] [DEBUG] file - Betty Davis
[2021-01-03T20:00:01.501] [DEBUG] file - Eduardo Rodriquez
[2021-01-03T20:00:01.551] [DEBUG] file - Harold Davis
[2021-01-03T20:00:01.616] [DEBUG] file - Peter McTavish
[2021-01-03T20:00:02.099] [DEBUG] file - PetName is :George
[2021-01-03T20:00:02.151] [DEBUG] file - Pet Birthdate:2010/01/20
[2021-01-03T20:00:02.204] [DEBUG] file - Pet Type:snake
[2021-01-03T20:00:03.620] [DEBUG] file - Edit VetDelete Vet
[2021-01-03T20:00:03.658] [DEBUG] file - Monal singh
[2021-01-03T20:00:03.659] [DEBUG] file - 
[2021-01-03T20:00:03.681] [DEBUG] file - Edit VetDelete Vet
[2021-01-03T20:00:03.700] [DEBUG] file - Monal singh
[2021-01-03T20:00:03.721] [DEBUG] file - 
[2021-01-03T20:00:03.747] [DEBUG] file - Edit VetDelete Vet
[2021-01-03T20:00:03.771] [DEBUG] file - Monal singh
[2021-01-03T20:00:03.791] [DEBUG] file - 
[2021-01-03T20:00:03.817] [DEBUG] file - Edit VetDelete Vet
[2021-01-03T20:00:03.835] [DEBUG] file - Monal singh
[2021-01-03T20:00:03.852] [DEBUG] file - 
[2021-01-03T20:00:03.879] [DEBUG] file - Edit VetDelete Vet
[2021-01-03T20:00:03.898] [DEBUG] file - prishika peter
[2021-01-03T20:00:03.916] [DEBUG] file - 
[2021-01-03T20:00:03.940] [DEBUG] file - Edit VetDelete Vet
[2021-01-03T20:00:03.959] [DEBUG] file - prishika peter
[2021-01-03T20:00:03.981] [DEBUG] file - 
[2021-01-03T20:00:04.003] [DEBUG] file - Edit VetDelete Vet
[2021-01-03T20:00:04.025] [DEBUG] file - Monal singh
[2021-01-03T20:00:04.044] [DEBUG] file - 
[2021-01-03T20:00:04.063] [DEBUG] file - Edit VetDelete Vet
[2021-01-03T20:00:04.080] [DEBUG] file - Monal singh
[2021-01-03T20:00:04.098] [DEBUG] file - 
[2021-01-03T20:00:04.118] [DEBUG] file - Edit VetDelete Vet
[2021-01-03T20:00:04.137] [DEBUG] file - Monal singh
[2021-01-03T20:00:04.156] [DEBUG] file - 
[2021-01-03T20:00:04.177] [DEBUG] file - Edit VetDelete Vet
[2021-01-03T20:00:04.199] [DEBUG] file - Monal singh
[2021-01-03T20:00:04.217] [DEBUG] file - 
[2021-01-03T20:00:04.242] [DEBUG] file - Edit VetDelete Vet
[2021-01-03T20:00:04.265] [DEBUG] file - prishika peter
[2021-01-03T20:00:04.291] [DEBUG] file - 
[2021-01-03T20:00:04.319] [DEBUG] file - Edit VetDelete Vet
[2021-01-03T20:00:04.339] [DEBUG] file - Monal singh
[2021-01-03T20:00:04.360] [DEBUG] file - 
[2021-01-03T20:00:04.382] [DEBUG] file - Edit VetDelete Vet
[2021-01-03T20:00:04.403] [DEBUG] file - Monal singh
[2021-01-03T20:00:04.425] [DEBUG] file - 
[2021-01-03T20:00:04.447] [DEBUG] file - Edit VetDelete Vet
[2021-01-03T20:00:04.468] [DEBUG] file - James Carter
[2021-01-03T20:00:04.486] [DEBUG] file - 
[2021-01-03T20:00:04.546] [DEBUG] file - Edit VetDelete Vet
[2021-01-03T20:00:04.588] [DEBUG] file - Helen Leary
[2021-01-03T20:00:04.611] [DEBUG] file - radiology
[2021-01-03T20:00:04.612] [DEBUG] file - Total number of radiology = 1
[2021-01-03T20:00:04.637] [DEBUG] file - Edit VetDelete Vet
[2021-01-03T20:00:04.654] [DEBUG] file - Linda Douglas
[2021-01-03T20:00:04.675] [DEBUG] file - dentistryEar
surgery
[2021-01-03T20:00:04.695] [DEBUG] file - Edit VetDelete Vet
[2021-01-03T20:00:04.713] [DEBUG] file - Rafael Ortega
[2021-01-03T20:00:04.734] [DEBUG] file - surgery
[2021-01-03T20:00:04.754] [DEBUG] file - Edit VetDelete Vet
[2021-01-03T20:00:04.773] [DEBUG] file - Henry Stevens
[2021-01-03T20:00:04.793] [DEBUG] file - radiology
[2021-01-03T20:00:04.793] [DEBUG] file - Total number of radiology = 2
[2021-01-03T20:00:04.816] [DEBUG] file - Edit VetDelete Vet
[2021-01-03T20:00:04.835] [DEBUG] file - Sharon Jenkins
[2021-01-03T20:00:04.853] [DEBUG] file - 
[2021-01-03T20:00:04.874] [DEBUG] file - Edit VetDelete Vet
[2021-01-03T20:00:04.896] [DEBUG] file - abc ko
[2021-01-03T20:00:04.921] [DEBUG] file - radiology
[2021-01-03T20:00:04.921] [DEBUG] file - Total number of radiology = 3
